Arguments: 
  /usr/bin/node /usr/share/yarn/bin/yarn.js install

PATH: 
  /home/rykn0wxx/.rbenv/bin:/home/rykn0wxx/bin:/usr/local/bin:/home/rykn0wxx/.rvm/gems/ruby-2.5.1/bin:/home/rykn0wxx/.rvm/gems/ruby-2.5.1@global/bin:/usr/share/rvm/rubies/ruby-2.5.1/bin:/usr/local/sbin:/usr/local/bin:/usr/sbin:/usr/bin:/sbin:/bin:/usr/games:/usr/local/games:/mnt/c/Program Files (x86)/Python27:/mnt/c/Program Files (x86)/Python37-32/Scripts:/mnt/c/Program Files (x86)/Python37-32:/mnt/c/Program Files/Broadcom/Broadcom 802.11 Network Adapter:/mnt/c/Program Files (x86)/Intel/iCLS Client:/mnt/c/Program Files/Intel/iCLS Client:/mnt/c/Windows/System32:/mnt/c/Windows:/mnt/c/Windows/System32/wbem:/mnt/c/Windows/System32/WindowsPowerShell/v1.0:/mnt/c/Program Files (x86)/Intel/Intel(R) Management Engine Components/DAL:/mnt/c/Program Files/Intel/Intel(R) Management Engine Components/DAL:/mnt/c/Program Files (x86)/Intel/Intel(R) Management Engine Components/IPT:/mnt/c/Program Files/Intel/Intel(R) Management Engine Components/IPT:/mnt/c/Program Files/Microsoft VS Code/bin:/mnt/c/Program Files/Git/cmd:/mnt/c/tools/chocolatey/bin:/mnt/c/Windows/System32/OpenSSH:/mnt/c/Users/rykn0wxx/AppData/Local/hyper/app-2.0.0/resources/bin:/mnt/c/Users/rykn0wxx/AppData/Local/Microsoft/WindowsApps:/usr/share/rvm/bin

Yarn version: 
  1.7.0

Node version: 
  8.11.3

Platform: 
  linux x64

Trace: 
  Error: getaddrinfo EAI_AGAIN registry.npmjs.org:80
      at Object._errnoException (util.js:992:11)
      at errnoException (dns.js:55:15)
      at GetAddrInfoReqWrap.onlookup [as oncomplete] (dns.js:92:26)

npm manifest: 
  {
    "name": "dashboard-template",
    "version": "1.0.0",
    "description": "",
    "main": "gulpfile.js",
    "scripts": {
      "test": "echo \"Error: no test specified\" && exit 1"
    },
    "author": "",
    "license": "MIT",
    "private": true,
    "dependencies": {
      "material-design-icons-iconfont": "^3.0.3"
    },
    "devDependencies": {
      "browser-sync": "^2.24.6",
      "del": "^3.0.0",
      "gulp": "^3.9.1",
      "gulp-autoprefixer": "^5.0.0",
      "gulp-clean-css": "^3.9.4",
      "gulp-eslint": "^5.0.0",
      "gulp-inject": "^4.3.2",
      "gulp-load-plugins": "^1.5.0",
      "gulp-sass": "^4.0.1",
      "gulp-size": "^3.0.0",
      "gulp-sourcemaps": "^2.6.4",
      "lodash": "^4.17.10",
      "main-bower-files": "^2.13.1",
      "uglify-save-license": "^0.4.1",
      "wiredep": "^4.0.0",
      "wrench": "^1.5.9"
    }
  }

yarn manifest: 
  No manifest

Lockfile: 
  # THIS IS AN AUTOGENERATED FILE. DO NOT EDIT THIS FILE DIRECTLY.
  # yarn lockfile v1
  
  
  material-design-icons-iconfont@^3.0.3:
    version "3.0.3"
    resolved "https://registry.yarnpkg.com/material-design-icons-iconfont/-/material-design-icons-iconfont-3.0.3.tgz#154a1084047d4e27237fa7f5a37e1075ceea6df2"
